step E time press T
0 30.925396277963500324 0 808.94431843066809051 298.14999999999901092
100 2029.3406554229436551 100 289.47373802756658279 170.76540089583903637
200 2504.8666079473941863 200 393.08117894358287003 168.95395490970230412
300 2708.0661701074113807 300 68.581568711624612433 194.91115548860219064
400 2950.5820250569886412 400 -113.64707258395145573 223.26955394519399078
500 3356.3380328161856596 500 -453.64420889605349885 239.53990561748264554
600 3606.8099691900065409 600 -82.10618934311574435 267.82331218881535051
700 3798.8059661680008503 700 82.081629815221774038 296.34959924426777889
800 4081.9655954647369072 800 439.70957225060953988 308.46342741300873058
900 4343.019836104092974 900 285.17216063096509515 303.12285683574975792
1000 4431.5776524523180342 1000 -224.42557141289847777 291.71614949535370442
1100 4102.6161656782769569 1100 -364.87569756392355202 302.75577457082363253
1200 4159.1720655484923554 1200 -272.899739590845968 290.4999746292008922
1300 4258.0217413861282694 1300 10.898788896430795958 289.10830048657044244
1400 4369.4449299061197962 1400 282.89252080700123315 294.10188498341682362
1500 4376.6133771440045166 1500 7.409740820032065578 300.78361880399842221
1600 4361.1951606363054452 1600 106.23674120993450742 295.60329391982492098
1700 4182.7755194904220843 1700 -33.418835216479870098 296.28627640233912643
1800 4094.3515334349867771 1800 -16.715111716420796739 294.25264821027946027
1900 4150.3535967663183328 1900 -155.13726498295946499 296.06416725525542688
2000 4319.1722288675027812 2000 -283.38649855348080564 296.73123838522457163
2100 4297.8995090400912886 2100 284.49837319552727877 305.90863494354073282
2200 4316.3896239782870907 2200 -450.07499187749687053 301.39829661276218076
2300 4220.0553961531695677 2300 -135.81072726163728248 298.15344970379516099
2400 4108.0511155780677655 2400 411.99498990426025102 298.86332236018392905
2500 4196.4790410145988062 2500 -92.419058004341380297 295.38742196990813227
2600 4272.3901364053672296 2600 -38.74203531358880781 298.61767305226715052
2700 4319.8457885225670907 2700 152.14528975805993127 299.65533161268109552
2800 4276.4800905460533613 2800 -234.91542989226351779 300.04995052402398414
2900 4179.8919735178897099 2900 -155.29878070666623557 299.43269801007568276
3000 4159.868412938370966 3000 -303.13810445299719731 295.68953347550836952
3100 4174.6029211010882136 3100 64.850687841872868944 295.49196417735834075
3200 4248.3448515106847481 3200 89.515382221524802731 296.60983340456806445
3300 4260.1610286179866307 3300 -188.64367327267734709 301.46794026080374351
3400 4246.1823205162700106 3400 -174.92847219158977623 300.74695218143466491
3500 4198.575103136459802 3500 -132.92325913698780937 296.3340034052079659
3600 4070.9955731828017633 3600 18.819504370132396076 300.19169245300827242
3700 4161.4010976678455336 3700 -182.91113370403235194 294.1671081051326837
3800 4251.130696997161067 3800 -56.784695199387961395 296.01043256509973389
3900 4273.6428295019468351 3900 90.448579043603956507 302.55793217755166324
4000 4226.1570943555498161 4000 322.50551804664746669 306.58338836034329233
4100 4307.5713112595221901 4100 51.384615123533635028 293.19270531444942662
4200 4150.5504112877861189 4200 -245.78238075450403244 298.3233170652406443
4300 4246.3597006936233811 4300 -125.53542463219957881 290.94991029244749825
4400 4343.9600021426285821 4400 -299.54281744053128023 292.4682442889134677
4500 4254.4766773881492554 4500 -296.63829720395381173 308.03173741116489737
4600 4321.0026856609056267 4600 -203.46926827364902124 304.04616066327554336
4700 4241.5197862575969339 4700 -314.94709621029727487 302.12699787800522699
4800 4220.0840550948305463 4800 -339.74418845542675172 293.98009048466661852
4900 4169.1335350419267343 4900 141.51828384824142404 296.41839831814087347
5000 4266.0638957568953629 5000 371.45751791461992752 296.14865925844441108
5100 4346.5014871758448862 5100 -33.058562560445899692 297.50316316988835297
5200 4291.4909176395085524 5200 6.7157003375213264462 301.74365606312051113
5300 4254.0963959436558071 5300 -21.252126915069993629 298.88814866125187564
5400 4244.0542558924498735 5400 161.532143370389349 292.35643439074510752
5500 4227.3633967478472186 5500 -257.24747884906275885 293.40037735573918098
5600 4290.5786047649125976 5600 72.746845572197585739 294.21770493322497941
5700 4291.986944422954366 5700 27.542862416530045522 299.69451856152659275
5800 4359.3595563288599806 5800 -293.08296125140310551 294.70879550391640578
5900 4287.3843047440786904 5900 5.2664345707387587581 295.30679396125992753
6000 4189.0669225845967958 6000 -134.96363437678016339 297.77173571699887589
6100 4212.3639787582460485 6100 381.32118636120668498 296.54380534931806324
6200 4263.0590285782218416 6200 168.74116695324531179 297.14046811054311092
6300 4261.254117129739825 6300 -325.59353819229852434 301.76502159353344723
6400 4332.0386961321255512 6400 33.140999976368945568 299.22617981552394895
6500 4304.097839257358828 6500 -34.350250507043902815 296.93116374284329595
6600 4208.0512973275544937 6600 -314.10733386377654597 297.12383759799456584
6700 4157.4322906552533823 6700 -208.24146614629432861 298.11193303053158843
6800 4184.6089950568630229 6800 326.1752653933167494 298.92890721937533272
6900 4237.8857159562012384 6900 21.22905318563224597 301.39132971937584671
7000 4351.1745735484655597 7000 -262.79366997543343132 296.14104718429706509
7100 4294.7511113475566162 7100 -254.92161606309991839 298.5346737387368421
7200 4211.471208459913214 7200 -270.13162746889258869 298.23540737826698432
7300 4217.5312822490013787 7300 31.657009923322060985 292.91570577708256451
7400 4203.6868795754207895 7400 95.491671823941899788 297.20787965254339724
7500 4261.0903212339590027 7500 43.765399871409563559 299.34340898116329299
7600 4289.0018780880782288 7600 -119.80548089626418573 299.80984975784269864
7700 4282.1591503448125877 7700 -219.37070816468548173 298.18819285217097104
7800 4193.5034722476884781 7800 -85.708068630589764325 300.1717212108185322
7900 4213.4930194394546561 7900 -25.435321803671232743 291.12736289393433253
8000 4142.8339707286922931 8000 -438.71480814790646718 287.10211484371427559
8100 4220.9848672874104523 8100 -168.20194133936718117 288.66808391199424477
8200 4177.0760479250138815 8200 240.91648570092854698 299.59308408969616266
8300 4259.3515873598835242 8300 -306.26162131968271751 299.12765815528871371
8400 4308.757503855487812 8400 -144.67006032040532659 298.63784669561874807
8500 4297.5544227292739379 8500 -447.06699012953595229 296.42760834016377203
8600 4210.4151977520141372 8600 316.82807235259201661 295.49591968989028601
8700 4205.638835628779816 8700 385.07313161806604285 294.75803580674494242
8800 4295.4796295862870465 8800 -291.58040575870813882 298.95327029639088323
8900 4259.5836508966531255 8900 -168.15015563158289069 304.20997691191496415
9000 4296.2464976525188831 9000 -119.85817167486527524 297.46370419051174849
9100 4185.223801168589489 9100 140.77592867720858294 300.3026388590217266
9200 4196.3691287273068156 9200 -210.72931064724699013 298.76703177921007182
9300 4220.2027712320405044 9300 -262.80617178474352613 302.65830231507294457
9400 4281.3906877301196801 9400 -78.630773509741047178 306.95248106684249478
9500 4247.7520365081409182 9500 -49.992338244879995557 303.43906386743270787
9600 4239.2894809328445263 9600 -34.457324438455010807 298.07327843482966045
9700 4180.2451355502580554 9700 456.6764473671365181 299.19408423664202701
9800 4246.3451421711679359 9800 -459.3901607065143935 294.39901481753014423
84803272 9900 -409.01204037534279223 291.24548891774315962
10000 4213.5923373802097558 10000 54.915403648452880248 289.69915912666715485
10100 4253.2509189648089887 10100 -95.592979319204133049 295.78804430952510529
10200 4246.3768176627036155 10200 -317.16600842912492908 301.28803368701380805
10300 4232.8443164013497153 10300 -322.59522112514434866 301.03207943164471772
10400 4215.3515643409791664 10400 -226.16492197532491559 296.86133628863456124
10500 4274.2078211648513388 10500 -46.379722350973459299 286.5326046641209814
10600 4219.9336984328001563 10600 257.88015714638834197 295.1037058207285213
10700 4317.4795026393294393 10700 273.97911657096329918 297.51856966933092963
10800 4316.6726050265233425 10800 -123.29559908698250581 299.40542994134290211
10900 4258.4746374365586234 10900 323.69843567985412847 300.31049429532117756
11000 4172.6922905895735312 11000 -270.27990411129667336 298.49575678926390765
11100 4185.8254679146930357 11100 10.162984773568281227 296.66257339371759372
11200 4240.9471676259399828 11200 29.044354077752796428 293.7319763689328056
11300 4209.9309120148509464 11300 -163.23507801015108498 298.85475495123256451
11400 4214.0562241730867754 11400 -76.949163044957543889 307.16381692446066154
11500 4307.2598778424235206 11500 140.2113213383856305 299.59891436211574955
11600 4163.3209242894608906 11600 -436.8605259535049754 301.3568249316686547
11700 4167.646384635268987 11700 -423.59683220179556429 296.85952871982124179
11800 4172.429840020946358 11800 -103.68750060019537784 294.9392378544474127
11900 4167.1742616700530562 11900 82.985535822095684466 299.59460773209781337
12000 4249.0755120445119246 12000 245.70111199344452757 300.51147228268513345
12100 4208.7087691161050316 12100 -74.356748577987517024 303.66502069255039942
12200 4202.6089905806402385 12200 -307.40729924741896184 299.18730494438608503
12300 4164.1130971236179903 12300 35.390432864144770519 300.57837053174250741
12400 4223.3589735468449362 12400 -104.19308081731308846 297.0050021554765749
12500 4264.589895383577641 12500 -589.55081444340191865 294.05788446852335483
12600 4225.3973660184947221 12600 151.87760094812085754 289.39276850704800381
12700 4099.3798146171338885 12700 -345.60961299507050626 294.49478401098525637
23738613800219355
12800 4156.082985290000579 12800 312.97547489598275661 291.50283175810255898
12900 4151.8921076269070909 12900 -518.8030232399344186 293.15696089407941827
13000 4172.5648292459136428 13000 -177.94642265824023752 297.13240401431033888
13100 4174.4951488214246638 13100 718.12969084377130002 300.16988694504698287
13200 4295.928534040298473 13200 -339.61451222359767144 294.73723384951915705
13300 4294.2590318198654131 13300 111.19165390766119117 298.81709762860072033
13400 4281.7887703898304608 13400 406.59479716009934691 304.83138311169284407
13500 4257.8608965597004499 13500 28.830099141701268195 304.29010001842016209
13600 4195.3945120320113347 13600 187.70416108038634206 298.66631320249342707
13700 4160.0522571266465093 13700 -223.60418660375870559 298.42569576449017177
13800 4194.3106883232394466 13800 -382.61389262195058336 294.36162019538602408
13900 4149.2807979080698715 13900 -455.82128524927412627 297.49831155194459598
14000 4196.6201809774056528 14000 427.41512337450433279 299.45755471317283991
14100 4180.7510690936414903 14100 224.16198752300641672 305.43116084064979532
14200 4224.5641163570635399 14200 -254.01869696425049483 298.98868404091462025
14300 4136.5428052337865665 14300 265.1967340693213373 296.33014073941774313
14400 4149.4501963750799405 14400 54.305019125676423641 293.97617841703430486
14500 4225.7901219492468954 14500 -238.35170475707172955 292.36455271174048676
14600 4207.7042199649913528 14600 -203.00631452451185055 299.62954626316133044
14700 4201.5180167811449792 14700 -442.0615020799155559 301.94560098367372802
14800 4213.5650125217325694 14800 -154.27553071816419106 298.31373949125395484
14900 4176.0629913838702123 14900 -336.8640971015063883 292.49418371749140988
15000 4062.4770641834638809 15000 26.06225050184209735 294.86676282485797174
15100 4071.0600467940926137 15100 -644.73463798223178856 298.67137920857584277
15200 4137.7709092392669845 15200 59.438890007429961315 299.02635937263949018
15300 4159.7303436977508682 15300 93.673413490352984923 299.91679069960935067
15400 4140.697918800804473 15400 71.572864561620548329 300.96468685652945396
15500 3995.6713721986393466 15500 207.44409982805424875 300.69705219048887557
15600 4081.2878626747569797 15600 -559.0691494350891162 292.82560979342088103
15700 4128.9952557007682117 15700 -234.00819265574446604 296.07572331482703021
15800 4141.9341593428698616 15800 -57.962912152112401998 299.74033776696506948
15900 4193.2405911242567527 15900 -254.67549856991007573 297.22091015488780386
16000 4143.9588455521479773 16000 24.727258884449963006 299.30491082973600214
16100 4125.7556844084219847 16100 -13.142910689561611903 294.90037658147798538
16200 4114.5067613737483043 16200 -214.09676891770214979 292.37237199814120459
16300 4155.6681418138959998 16300 -27.736738666802974507 297.00908517775354767
16400 4217.8708548102931672 16400 -187.68308628877360889 298.34769828205412523
16500 4229.4027426823913629 16500 405.33674631536871402 298.03077843060265195
16600 4234.0932941669434513 16600 416.59985425852823937 294.17887025337188334
16700 4082.5236128555375217 16700 172.52053471818589969 296.67804280855580146
16800 4092.3083018962647657 16800 -274.0309434785481244 294.21240993473281833
16900 4157.2785368117756661 16900 -225.61991628255597675 292.89392747387006466
17000 4186.3885176487092394 17000 50.574232383496834586 293.8558201085439805
17100 4109.0103070797285909 17100 534.55560998956877938 299.62762006686665472
17200 4023.1774764725951172 17200 203.60172475586790597 300.86360376228276436
17300 4004.8775915958581209 17300 -22.344113283545716797 294.055406911540274
17400 4025.3073989415593132 17400 328.54489630978446257 296.19627570867925215
17500 4053.9518293928863386 17500 -39.734680459140562903 300.97995136357747015
17600 4084.5079082878282861 17600 -9.6588278742572697411 300.95991977131177464
17700 4228.3871027537124974 17700 403.63623237057151982 291.79293782265062873
17800 4201.3934072072615891 17800 30.364318782158431276 298.28180044814467919
17900 4194.4648550506954052 17900 90.867863491209078575 305.17016791589873037
18000 4214.7591006163138445 18000 1014.116427025175085 301.36970598797171306
18100 4064.2374287722059307 18100 -392.50162405697614076 303.15992749994836686
18200 4159.8347211398013314 18200 -295.1828887843546454 293.0258717643964701
18300 4052.9218203097361766 18300 708.0402816914796631 298.63834781847816657
18400 4056.9657681106609743 18400 -240.67068989895338404 298.34885860349339737
18500 4108.5289563410042319 18500 -539.85033415955967939 298.73991880364002327
18600 4154.6428458160589798 18600 324.17240066358453987 299.57271275337097904
18700 4073.141067994369223 18700 -1063.589740706821658 301.55819429997410452
18800 4044.7343342849876535 18800 486.02539261713593532 295.19427111550714926
18900 4048.299732650131773 18900 -227.98835621283629393 295.11699047646442295
19000 4089.9523359862787402 19000 -307.13026061516103482 294.8867437403748113
19100 4095.9631464639815022 19100 495.69295132140666738 301.18779992776808285
19200 4097.5894081169826677 19200 563.23016535383601422 303.86043169977921252
19300 4082.5656318919677688 19300 -384.30469363451902609 293.03980285979531573
19400 4039.2827730535623232 19400 14.552698506992856053 293.87795790380636163
609619285956796 19500 301.26497951257630348 298.73725473431267119
19600 4133.2885920665012236 19600 2.8000214285255196067 297.07132690675086906
19700 4080.4873005543913678 19700 -61.41531767991384072 301.36107418132525027
19800 4182.2487931323703378 19800 -513.97391212066304433 295.05485358281401886
19900 4083.6158947104981962 19900 347.35873404862394409 303.4462905721661059
20000 4118.2892531738652906 20000 -833.79792773157953434 299.5462095749527407
